# JRE version: OpenJDK Runtime Environment Temurin-17.0.10+7 (17.0.10+7) (build 17.0.10+7)
# Java VM: OpenJDK 64-Bit Server VM Temurin-17.0.10+7 (17.0.10+7, mixed mode, tiered, compressed oops, compressed class ptrs, parallel gc, windows-amd64)
GC Precious Log:
 CPUs: 8 total, 8 available
 Memory: 7973M
 Large Page Support: Disabled
 NUMA Support: Disabled
 Compressed Oops: Enabled (32-bit)
 Alignments: Space 512K, Generation 512K, Heap 2M
 Heap Min Capacity: 100M
 Heap Initial Capacity: 100M
 Heap Max Capacity: 1G
 Pre-touch: Disabled
 Parallel Workers: 8
Heap:
 PSYoungGen      total 24576K, used 14339K [0x00000000eab00000, 0x00000000ec500000, 0x0000000100000000)
  eden space 22016K, 60% used [0x00000000eab00000,0x00000000eb7e8d00,0x00000000ec080000)
  from space 2560K, 43% used [0x00000000ec080000,0x00000000ec198000,0x00000000ec300000)
  to   space 1536K, 0% used [0x00000000ec380000,0x00000000ec380000,0x00000000ec500000)
 ParOldGen       total 68608K, used 16120K [0x00000000c0000000, 0x00000000c4300000, 0x00000000eab00000)
  object space 68608K, 23% used [0x00000000c0000000,0x00000000c0fbe2b0,0x00000000c4300000)
 Metaspace       used 47073K, committed 47936K, reserved 1114112K
  class space    used 5055K, committed 5376K, reserved 1048576K
GC Heap History (20 events):
Event: 14.640 GC heap before
{Heap before GC invocations=6 (full 1):
 PSYoungGen      total 29696K, used 25600K [0x00000000eab00000, 0x00000000ecc00000, 0x0000000100000000)
  eden space 25600K, 100% used [0x00000000eab00000,0x00000000ec400000,0x00000000ec400000)
  from space 4096K, 0% used [0x00000000ec800000,0x00000000ec800000,0x00000000ecc00000)
  to   space 4096K, 0% used [0x00000000ec400000,0x00000000ec400000,0x00000000ec800000)
 ParOldGen       total 68608K, used 10355K [0x00000000c0000000, 0x00000000c4300000, 0x00000000eab00000)
  object space 68608K, 15% used [0x00000000c0000000,0x00000000c0a1ccf8,0x00000000c4300000)
 Metaspace       used 24365K, committed 24960K, reserved 1114112K
  class space    used 2488K, committed 2752K, reserved 1048576K
}
Event: 14.648 GC heap after
{Heap after GC invocations=6 (full 1):
 PSYoungGen      total 26112K, used 1004K [0x00000000eab00000, 0x00000000ec980000, 0x0000000100000000)
  eden space 25088K, 0% used [0x00000000eab00000,0x00000000eab00000,0x00000000ec380000)
  from space 1024K, 98% used [0x00000000ec400000,0x00000000ec4fb018,0x00000000ec500000)
  to   space 3072K, 0% used [0x00000000ec680000,0x00000000ec680000,0x00000000ec980000)
 ParOldGen       total 68608K, used 10363K [0x00000000c0000000, 0x00000000c4300000, 0x00000000eab00000)
  object space 68608K, 15% used [0x00000000c0000000,0x00000000c0a1ecf8,0x00000000c4300000)
 Metaspace       used 24365K, committed 24960K, reserved 1114112K
  class space    used 2488K, committed 2752K, reserved 1048576K
}
Event: 15.960 GC heap before
{Heap before GC invocations=7 (full 1):
 PSYoungGen      total 26112K, used 25989K [0x00000000eab00000, 0x00000000ec980000, 0x0000000100000000)
  eden space 25088K, 99% used [0x00000000eab00000,0x00000000ec366570,0x00000000ec380000)
  from space 1024K, 98% used [0x00000000ec400000,0x00000000ec4fb018,0x00000000ec500000)
  to   space 3072K, 0% used [0x00000000ec680000,0x00000000ec680000,0x00000000ec980000)
 ParOldGen       total 68608K, used 10363K [0x00000000c0000000, 0x00000000c4300000, 0x00000000eab00000)
  object space 68608K, 15% used [0x00000000c0000000,0x00000000c0a1ecf8,0x00000000c4300000)
 Metaspace       used 27491K, committed 28224K, reserved 1114112K
  class space    used 2816K, committed 3136K, reserved 1048576K
}
Event: 15.962 GC heap after
{Heap after GC invocations=7 (full 1):
 PSYoungGen      total 27648K, used 2985K [0x00000000eab00000, 0x00000000eca00000, 0x0000000100000000)
  eden space 24576K, 0% used [0x00000000eab00000,0x00000000eab00000,0x00000000ec300000)
  from space 3072K, 97% used [0x00000000ec680000,0x00000000ec96a5c0,0x00000000ec980000)
  to   space 3584K, 0% used [0x00000000ec300000,0x00000000ec300000,0x00000000ec680000)
 ParOldGen       total 68608K, used 10371K [0x00000000c0000000, 0x00000000c4300000, 0x00000000eab00000)
  object space 68608K, 15% used [0x00000000c0000000,0x00000000c0a20cf8,0x00000000c4300000)
 Metaspace       used 27491K, committed 28224K, reserved 1114112K
  class space    used 2816K, committed 3136K, reserved 1048576K
}
Event: 16.555 GC heap before
{Heap before GC invocations=8 (full 1):
 PSYoungGen      total 27648K, used 27561K [0x00000000eab00000, 0x00000000eca00000, 0x0000000100000000)
  eden space 24576K, 100% used [0x00000000eab00000,0x00000000ec300000,0x00000000ec300000)
  from space 3072K, 97% used [0x00000000ec680000,0x00000000ec96a5c0,0x00000000ec980000)
  to   space 3584K, 0% used [0x00000000ec300000,0x00000000ec300000,0x00000000ec680000)
 ParOldGen       total 68608K, used 10371K [0x00000000c0000000, 0x00000000c4300000, 0x00000000eab00000)
  object space 68608K, 15% used [0x00000000c0000000,0x00000000c0a20cf8,0x00000000c4300000)
 Metaspace       used 30104K, committed 30848K, reserved 1114112K
  class space    used 2992K, committed 3328K, reserved 1048576K
}
Event: 16.558 GC heap after
{Heap after GC invocations=8 (full 1):
 PSYoungGen      total 27136K, used 2979K [0x00000000eab00000, 0x00000000ec880000, 0x0000000100000000)
  eden space 24064K, 0% used [0x00000000eab00000,0x00000000eab00000,0x00000000ec280000)
  from space 3072K, 96% used [0x00000000ec300000,0x00000000ec5e8c68,0x00000000ec600000)
  to   space 2560K, 0% used [0x00000000ec600000,0x00000000ec600000,0x00000000ec880000)
 ParOldGen       total 68608K, used 10371K [0x00000000c0000000, 0x00000000c4300000, 0x00000000eab00000)
  object space 68608K, 15% used [0x00000000c0000000,0x00000000c0a20cf8,0x00000000c4300000)
 Metaspace       used 30104K, committed 30848K, reserved 1114112K
  class space    used 2992K, committed 3328K, reserved 1048576K
}
Event: 16.997 GC heap before
{Heap before GC invocations=9 (full 1):
 PSYoungGen      total 27136K, used 27043K [0x00000000eab00000, 0x00000000ec880000, 0x0000000100000000)
  eden space 24064K, 100% used [0x00000000eab00000,0x00000000ec280000,0x00000000ec280000)
  from space 3072K, 96% used [0x00000000ec300000,0x00000000ec5e8c68,0x00000000ec600000)
  to   space 2560K, 0% used [0x00000000ec600000,0x00000000ec600000,0x00000000ec880000)
 ParOldGen       total 68608K, used 10371K [0x00000000c0000000, 0x00000000c4300000, 0x00000000eab00000)
  object space 68608K, 15% used [0x00000000c0000000,0x00000000c0a20cf8,0x00000000c4300000)
 Metaspace       used 32494K, committed 33152K, reserved 1114112K
  class space    used 3183K, committed 3456K, reserved 1048576K
}
Event: 17.001 GC heap after
{Heap after GC invocations=9 (full 1):
 PSYoungGen      total 26112K, used 2553K [0x00000000eab00000, 0x00000000ec900000, 0x0000000100000000)
  eden space 23552K, 0% used [0x00000000eab00000,0x00000000eab00000,0x00000000ec200000)
  from space 2560K, 99% used [0x00000000ec600000,0x00000000ec87e520,0x00000000ec880000)
  to   space 3584K, 0% used [0x00000000ec200000,0x00000000ec200000,0x00000000ec580000)
 ParOldGen       total 68608K, used 11178K [0x00000000c0000000, 0x00000000c4300000, 0x00000000eab00000)
  object space 68608K, 16% used [0x00000000c0000000,0x00000000c0aeabc0,0x00000000c4300000)
 Metaspace       used 32494K, committed 33152K, reserved 1114112K
  class space    used 3183K, committed 3456K, reserved 1048576K
}
Event: 17.538 GC heap before
{Heap before GC invocations=10 (full 1):
 PSYoungGen      total 26112K, used 22182K [0x00000000eab00000, 0x00000000ec900000, 0x0000000100000000)
  eden space 23552K, 83% used [0x00000000eab00000,0x00000000ebe2b6b0,0x00000000ec200000)
  from space 2560K, 99% used [0x00000000ec600000,0x00000000ec87e520,0x00000000ec880000)
  to   space 3584K, 0% used [0x00000000ec200000,0x00000000ec200000,0x00000000ec580000)
 ParOldGen       total 68608K, used 11178K [0x00000000c0000000, 0x00000000c4300000, 0x00000000eab00000)
  object space 68608K, 16% used [0x00000000c0000000,0x00000000c0aeabc0,0x00000000c4300000)
 Metaspace       used 35167K, committed 35840K, reserved 1114112K
  class space    used 3532K, committed 3840K, reserved 1048576K
}
Event: 17.543 GC heap after
{Heap after GC invocations=10 (full 1):
 PSYoungGen      total 25088K, used 1289K [0x00000000eab00000, 0x00000000ec700000, 0x0000000100000000)
  eden space 23552K, 0% used [0x00000000eab00000,0x00000000eab00000,0x00000000ec200000)
  from space 1536K, 83% used [0x00000000ec200000,0x00000000ec342630,0x00000000ec380000)
  to   space 2560K, 0% used [0x00000000ec480000,0x00000000ec480000,0x00000000ec700000)
 ParOldGen       total 68608K, used 13393K [0x00000000c0000000, 0x00000000c4300000, 0x00000000eab00000)
  object space 68608K, 19% used [0x00000000c0000000,0x00000000c0d14678,0x00000000c4300000)
 Metaspace       used 35167K, committed 35840K, reserved 1114112K
  class space    used 3532K, committed 3840K, reserved 1048576K
}
Event: 17.543 GC heap before
{Heap before GC invocations=11 (full 2):
 PSYoungGen      total 25088K, used 1289K [0x00000000eab00000, 0x00000000ec700000, 0x0000000100000000)
  eden space 23552K, 0% used [0x00000000eab00000,0x00000000eab00000,0x00000000ec200000)
  from space 1536K, 83% used [0x00000000ec200000,0x00000000ec342630,0x00000000ec380000)
  to   space 2560K, 0% used [0x00000000ec480000,0x00000000ec480000,0x00000000ec700000)
 ParOldGen       total 68608K, used 13393K [0x00000000c0000000, 0x00000000c4300000, 0x00000000eab00000)
  object space 68608K, 19% used [0x00000000c0000000,0x00000000c0d14678,0x00000000c4300000)
 Metaspace       used 35167K, committed 35840K, reserved 1114112K
  class space    used 3532K, committed 3840K, reserved 1048576K
}
Event: 17.611 GC heap after
{Heap after GC invocations=11 (full 2):
 PSYoungGen      total 25088K, used 0K [0x00000000eab00000, 0x00000000ec700000, 0x0000000100000000)
  eden space 23552K, 0% used [0x00000000eab00000,0x00000000eab00000,0x00000000ec200000)
  from space 1536K, 0% used [0x00000000ec200000,0x00000000ec200000,0x00000000ec380000)
  to   space 2560K, 0% used [0x00000000ec480000,0x00000000ec480000,0x00000000ec700000)
 ParOldGen       total 68608K, used 13167K [0x00000000c0000000, 0x00000000c4300000, 0x00000000eab00000)
  object space 68608K, 19% used [0x00000000c0000000,0x00000000c0cdbfe0,0x00000000c4300000)
 Metaspace       used 35154K, committed 35840K, reserved 1114112K
  class space    used 3529K, committed 3840K, reserved 1048576K
}
Event: 18.458 GC heap before
{Heap before GC invocations=12 (full 2):
 PSYoungGen      total 25088K, used 23552K [0x00000000eab00000, 0x00000000ec700000, 0x0000000100000000)
  eden space 23552K, 100% used [0x00000000eab00000,0x00000000ec200000,0x00000000ec200000)
  from space 1536K, 0% used [0x00000000ec200000,0x00000000ec200000,0x00000000ec380000)
  to   space 2560K, 0% used [0x00000000ec480000,0x00000000ec480000,0x00000000ec700000)
 ParOldGen       total 68608K, used 13167K [0x00000000c0000000, 0x00000000c4300000, 0x00000000eab00000)
  object space 68608K, 19% used [0x00000000c0000000,0x00000000c0cdbfe0,0x00000000c4300000)
 Metaspace       used 37659K, committed 38400K, reserved 1114112K
  class space    used 3853K, committed 4160K, reserved 1048576K
}
Event: 18.461 GC heap after
{Heap after GC invocations=12 (full 2):
 PSYoungGen      total 24576K, used 1180K [0x00000000eab00000, 0x00000000ec600000, 0x0000000100000000)
  eden space 23040K, 0% used [0x00000000eab00000,0x00000000eab00000,0x00000000ec180000)
  from space 1536K, 76% used [0x00000000ec480000,0x00000000ec5a7220,0x00000000ec600000)
  to   space 1536K, 0% used [0x00000000ec300000,0x00000000ec300000,0x00000000ec480000)
 ParOldGen       total 68608K, used 13175K [0x00000000c0000000, 0x00000000c4300000, 0x00000000eab00000)
  object space 68608K, 19% used [0x00000000c0000000,0x00000000c0cddfe0,0x00000000c4300000)
 Metaspace       used 37659K, committed 38400K, reserved 1114112K
  class space    used 3853K, committed 4160K, reserved 1048576K
}
Event: 19.564 GC heap before
{Heap before GC invocations=13 (full 2):
 PSYoungGen      total 24576K, used 24220K [0x00000000eab00000, 0x00000000ec600000, 0x0000000100000000)
  eden space 23040K, 99% used [0x00000000eab00000,0x00000000ec17ffc8,0x00000000ec180000)
  from space 1536K, 76% used [0x00000000ec480000,0x00000000ec5a7220,0x00000000ec600000)
  to   space 1536K, 0% used [0x00000000ec300000,0x00000000ec300000,0x00000000ec480000)
 ParOldGen       total 68608K, used 13175K [0x00000000c0000000, 0x00000000c4300000, 0x00000000eab00000)
  object space 68608K, 19% used [0x00000000c0000000,0x00000000c0cddfe0,0x00000000c4300000)
 Metaspace       used 40521K, committed 41344K, reserved 1114112K
  class space    used 4190K, committed 4544K, reserved 1048576K
}
Event: 19.569 GC heap after
{Heap after GC invocations=13 (full 2):
 PSYoungGen      total 24064K, used 1353K [0x00000000eab00000, 0x00000000ec500000, 0x0000000100000000)
  eden space 22528K, 0% used [0x00000000eab00000,0x00000000eab00000,0x00000000ec100000)
  from space 1536K, 88% used [0x00000000ec300000,0x00000000ec452628,0x00000000ec480000)
  to   space 512K, 0% used [0x00000000ec480000,0x00000000ec480000,0x00000000ec500000)
 ParOldGen       total 68608K, used 14063K [0x00000000c0000000, 0x00000000c4300000, 0x00000000eab00000)
  object space 68608K, 20% used [0x00000000c0000000,0x00000000c0dbbde8,0x00000000c4300000)
 Metaspace       used 40521K, committed 41344K, reserved 1114112K
  class space    used 4190K, committed 4544K, reserved 1048576K
}
Event: 20.257 GC heap before
{Heap before GC invocations=14 (full 2):
 PSYoungGen      total 24064K, used 23881K [0x00000000eab00000, 0x00000000ec500000, 0x0000000100000000)
  eden space 22528K, 100% used [0x00000000eab00000,0x00000000ec100000,0x00000000ec100000)
  from space 1536K, 88% used [0x00000000ec300000,0x00000000ec452628,0x00000000ec480000)
  to   space 512K, 0% used [0x00000000ec480000,0x00000000ec480000,0x00000000ec500000)
 ParOldGen       total 68608K, used 14063K [0x00000000c0000000, 0x00000000c4300000, 0x00000000eab00000)
  object space 68608K, 20% used [0x00000000c0000000,0x00000000c0dbbde8,0x00000000c4300000)
 Metaspace       used 42931K, committed 43776K, reserved 1114112K
  class space    used 4511K, committed 4864K, reserved 1048576K
}
Event: 20.260 GC heap after
{Heap after GC invocations=14 (full 2):
 PSYoungGen      total 22528K, used 512K [0x00000000eab00000, 0x00000000ec580000, 0x0000000100000000)
  eden space 22016K, 0% used [0x00000000eab00000,0x00000000eab00000,0x00000000ec080000)
  from space 512K, 100% used [0x00000000ec480000,0x00000000ec500000,0x00000000ec500000)
  to   space 2560K, 0% used [0x00000000ec080000,0x00000000ec080000,0x00000000ec300000)
 ParOldGen       total 68608K, used 15624K [0x00000000c0000000, 0x00000000c4300000, 0x00000000eab00000)
  object space 68608K, 22% used [0x00000000c0000000,0x00000000c0f422b0,0x00000000c4300000)
 Metaspace       used 42931K, committed 43776K, reserved 1114112K
  class space    used 4511K, committed 4864K, reserved 1048576K
}
Event: 22.245 GC heap before
{Heap before GC invocations=15 (full 2):
 PSYoungGen      total 22528K, used 22528K [0x00000000eab00000, 0x00000000ec580000, 0x0000000100000000)
  eden space 22016K, 100% used [0x00000000eab00000,0x00000000ec080000,0x00000000ec080000)
  from space 512K, 100% used [0x00000000ec480000,0x00000000ec500000,0x00000000ec500000)
  to   space 2560K, 0% used [0x00000000ec080000,0x00000000ec080000,0x00000000ec300000)
 ParOldGen       total 68608K, used 15624K [0x00000000c0000000, 0x00000000c4300000, 0x00000000eab00000)
  object space 68608K, 22% used [0x00000000c0000000,0x00000000c0f422b0,0x00000000c4300000)
 Metaspace       used 45498K, committed 46400K, reserved 1114112K
  class space    used 4840K, committed 5184K, reserved 1048576K
}
Event: 22.248 GC heap after
{Heap after GC invocations=15 (full 2):
 PSYoungGen      total 24576K, used 1120K [0x00000000eab00000, 0x00000000ec500000, 0x0000000100000000)
  eden space 22016K, 0% used [0x00000000eab00000,0x00000000eab00000,0x00000000ec080000)
  from space 2560K, 43% used [0x00000000ec080000,0x00000000ec198000,0x00000000ec300000)
  to   space 1536K, 0% used [0x00000000ec380000,0x00000000ec380000,0x00000000ec500000)
 ParOldGen       total 68608K, used 16120K [0x00000000c0000000, 0x00000000c4300000, 0x00000000eab00000)
  object space 68608K, 23% used [0x00000000c0000000,0x00000000c0fbe2b0,0x00000000c4300000)
 Metaspace       used 45498K, committed 46400K, reserved 1114112K
  class space    used 4840K, committed 5184K, reserved 1048576K
}

